<?xml version="1.0" encoding="utf-8"?><testsuites name="pytest tests"><testsuite name="pytest" errors="0" failures="0" skipped="0" tests="10" time="2.625" timestamp="2026-05-05T04:11:26.978553+00:00" hostname="agent-env-ce575c72-9c35-4df0-aa04-7bff24f34586"><testcase classname="backend.tests.test_stripe_payments.TestHealth" name="test_health_ok" time="0.282" /><testcase classname="backend.tests.test_stripe_payments.TestCheckoutSessionCreate" name="test_create_starter_session" time="0.606" /><testcase classname="backend.tests.test_stripe_payments.TestCheckoutSessionCreate" name="test_create_pro_session" time="0.469" /><testcase classname="backend.tests.test_stripe_payments.TestCheckoutSessionCreate" name="test_create_unknown_package_returns_400" time="0.110" /><testcase classname="backend.tests.test_stripe_payments.TestCheckoutSessionCreate" name="test_create_missing_origin_url_returns_422" time="0.133" /><testcase classname="backend.tests.test_stripe_payments.TestCheckoutStatus" name="test_status_for_real_session_returns_pending" time="0.117" /><testcase classname="backend.tests.test_stripe_payments.TestCheckoutStatus" name="test_status_for_bogus_session_returns_404" time="0.165" /><testcase classname="backend.tests.test_stripe_payments.TestMongoPersistence" name="test_payment_transaction_row_exists" time="0.005" /><testcase classname="backend.tests.test_stripe_payments.TestBase44Proxy" name="test_public_settings_proxy_identity" time="0.377" /><testcase classname="backend.tests.test_stripe_payments.TestBase44Proxy" name="test_public_settings_proxy_with_br_zstd_accept_encoding" time="0.251" /></testsuite></testsuites>